<?xml version="1.0" encoding="UTF-8"?>
<testsuite xmlns:xsi="http://www.w3.org/2001/XMLSchema-instance" xsi:noNamespaceSchemaLocation="https://maven.apache.org/surefire/maven-surefire-plugin/xsd/surefire-test-report.xsd" name="testrunner.TestRunner" time="0.466" tests="11" errors="0" skipped="11" failures="0">
  <properties>
    <property name="sun.desktop" value="gnome"/>
    <property name="awt.toolkit" value="sun.awt.X11.XToolkit"/>
    <property name="file.encoding.pkg" value="sun.io"/>
    <property name="java.specification.version" value="1.8"/>
    <property name="sun.cpu.isalist" value=""/>
    <property name="sun.jnu.encoding" value="UTF-8"/>
    <property name="java.class.path" value="/home/olga/javaWebAutomation/target/test-classes:/home/olga/javaWebAutomation/target/classes:/home/olga/.m2/repository/io/cucumber/cucumber-junit/3.0.2/cucumber-junit-3.0.2.jar:/home/olga/.m2/repository/junit/junit/4.12/junit-4.12.jar:/home/olga/.m2/repository/org/hamcrest/hamcrest-core/1.3/hamcrest-core-1.3.jar:/home/olga/.m2/repository/io/cucumber/cucumber-core/3.0.2/cucumber-core-3.0.2.jar:/home/olga/.m2/repository/io/cucumber/cucumber-html/0.2.7/cucumber-html-0.2.7.jar:/home/olga/.m2/repository/io/cucumber/tag-expressions/1.1.1/tag-expressions-1.1.1.jar:/home/olga/.m2/repository/io/cucumber/cucumber-expressions/5.0.19/cucumber-expressions-5.0.19.jar:/home/olga/.m2/repository/io/cucumber/datatable/1.0.3/datatable-1.0.3.jar:/home/olga/.m2/repository/io/cucumber/datatable-dependencies/1.0.3/datatable-dependencies-1.0.3.jar:/home/olga/.m2/repository/io/cucumber/cucumber-java/3.0.2/cucumber-java-3.0.2.jar:/home/olga/.m2/repository/io/cucumber/gherkin/5.1.0/gherkin-5.1.0.jar:/home/olga/.m2/repository/io/cucumber/gherkin-jvm-deps/1.0.4/gherkin-jvm-deps-1.0.4.jar:/home/olga/.m2/repository/io/cucumber/cucumber-jvm-deps/1.0.6/cucumber-jvm-deps-1.0.6.jar:/home/olga/.m2/repository/io/cucumber/cucumber-picocontainer/3.0.2/cucumber-picocontainer-3.0.2.jar:/home/olga/.m2/repository/org/picocontainer/picocontainer/2.15/picocontainer-2.15.jar:"/>
    <property name="java.vm.vendor" value="Oracle Corporation"/>
    <property name="sun.arch.data.model" value="64"/>
    <property name="java.vendor.url" value="http://java.oracle.com/"/>
    <property name="user.timezone" value=""/>
    <property name="java.vm.specification.version" value="1.8"/>
    <property name="os.name" value="Linux"/>
    <property name="user.country" value="US"/>
    <property name="sun.java.launcher" value="SUN_STANDARD"/>
    <property name="sun.boot.library.path" value="/usr/lib/jvm/java-8-openjdk-amd64/jre/lib/amd64"/>
    <property name="sun.java.command" value="/home/olga/javaWebAutomation/target/surefire/surefirebooter4930682444000498032.jar /home/olga/javaWebAutomation/target/surefire 2018-07-10T16-19-30_173-jvmRun1 surefire3760879507422720259tmp surefire_05040151184944135127tmp"/>
    <property name="surefire.test.class.path" value="/home/olga/javaWebAutomation/target/test-classes:/home/olga/javaWebAutomation/target/classes:/home/olga/.m2/repository/io/cucumber/cucumber-junit/3.0.2/cucumber-junit-3.0.2.jar:/home/olga/.m2/repository/junit/junit/4.12/junit-4.12.jar:/home/olga/.m2/repository/org/hamcrest/hamcrest-core/1.3/hamcrest-core-1.3.jar:/home/olga/.m2/repository/io/cucumber/cucumber-core/3.0.2/cucumber-core-3.0.2.jar:/home/olga/.m2/repository/io/cucumber/cucumber-html/0.2.7/cucumber-html-0.2.7.jar:/home/olga/.m2/repository/io/cucumber/tag-expressions/1.1.1/tag-expressions-1.1.1.jar:/home/olga/.m2/repository/io/cucumber/cucumber-expressions/5.0.19/cucumber-expressions-5.0.19.jar:/home/olga/.m2/repository/io/cucumber/datatable/1.0.3/datatable-1.0.3.jar:/home/olga/.m2/repository/io/cucumber/datatable-dependencies/1.0.3/datatable-dependencies-1.0.3.jar:/home/olga/.m2/repository/io/cucumber/cucumber-java/3.0.2/cucumber-java-3.0.2.jar:/home/olga/.m2/repository/io/cucumber/gherkin/5.1.0/gherkin-5.1.0.jar:/home/olga/.m2/repository/io/cucumber/gherkin-jvm-deps/1.0.4/gherkin-jvm-deps-1.0.4.jar:/home/olga/.m2/repository/io/cucumber/cucumber-jvm-deps/1.0.6/cucumber-jvm-deps-1.0.6.jar:/home/olga/.m2/repository/io/cucumber/cucumber-picocontainer/3.0.2/cucumber-picocontainer-3.0.2.jar:/home/olga/.m2/repository/org/picocontainer/picocontainer/2.15/picocontainer-2.15.jar:"/>
    <property name="sun.cpu.endian" value="little"/>
    <property name="user.home" value="/home/olga"/>
    <property name="user.language" value="en"/>
    <property name="java.specification.vendor" value="Oracle Corporation"/>
    <property name="java.home" value="/usr/lib/jvm/java-8-openjdk-amd64/jre"/>
    <property name="basedir" value="/home/olga/javaWebAutomation"/>
    <property name="file.separator" value="/"/>
    <property name="line.separator" value="&#10;"/>
    <property name="java.vm.specification.vendor" value="Oracle Corporation"/>
    <property name="java.specification.name" value="Java Platform API Specification"/>
    <property name="java.awt.graphicsenv" value="sun.awt.X11GraphicsEnvironment"/>
    <property name="surefire.real.class.path" value="/home/olga/javaWebAutomation/target/surefire/surefirebooter4930682444000498032.jar"/>
    <property name="sun.boot.class.path" value="/usr/lib/jvm/java-8-openjdk-amd64/jre/lib/resources.jar:/usr/lib/jvm/java-8-openjdk-amd64/jre/lib/rt.jar:/usr/lib/jvm/java-8-openjdk-amd64/jre/lib/sunrsasign.jar:/usr/lib/jvm/java-8-openjdk-amd64/jre/lib/jsse.jar:/usr/lib/jvm/java-8-openjdk-amd64/jre/lib/jce.jar:/usr/lib/jvm/java-8-openjdk-amd64/jre/lib/charsets.jar:/usr/lib/jvm/java-8-openjdk-amd64/jre/lib/jfr.jar:/usr/lib/jvm/java-8-openjdk-amd64/jre/classes"/>
    <property name="sun.management.compiler" value="HotSpot 64-Bit Tiered Compilers"/>
    <property name="java.runtime.version" value="1.8.0_171-8u171-b11-0ubuntu0.18.04.1-b11"/>
    <property name="user.name" value="olga"/>
    <property name="path.separator" value=":"/>
    <property name="os.version" value="4.15.0-23-generic"/>
    <property name="java.endorsed.dirs" value="/usr/lib/jvm/java-8-openjdk-amd64/jre/lib/endorsed"/>
    <property name="java.runtime.name" value="OpenJDK Runtime Environment"/>
    <property name="file.encoding" value="UTF-8"/>
    <property name="java.vm.name" value="OpenJDK 64-Bit Server VM"/>
    <property name="localRepository" value="/home/olga/.m2/repository"/>
    <property name="java.vendor.url.bug" value="http://bugreport.sun.com/bugreport/"/>
    <property name="java.io.tmpdir" value="/tmp"/>
    <property name="java.version" value="1.8.0_171"/>
    <property name="user.dir" value="/home/olga/javaWebAutomation"/>
    <property name="os.arch" value="amd64"/>
    <property name="java.vm.specification.name" value="Java Virtual Machine Specification"/>
    <property name="java.awt.printerjob" value="sun.print.PSPrinterJob"/>
    <property name="sun.os.patch.level" value="unknown"/>
    <property name="java.library.path" value="/usr/java/packages/lib/amd64:/usr/lib/x86_64-linux-gnu/jni:/lib/x86_64-linux-gnu:/usr/lib/x86_64-linux-gnu:/usr/lib/jni:/lib:/usr/lib"/>
    <property name="java.vm.info" value="mixed mode"/>
    <property name="java.vendor" value="Oracle Corporation"/>
    <property name="java.vm.version" value="25.171-b11"/>
    <property name="java.ext.dirs" value="/usr/lib/jvm/java-8-openjdk-amd64/jre/lib/ext:/usr/java/packages/lib/ext"/>
    <property name="sun.io.unicode.encoding" value="UnicodeLittle"/>
    <property name="java.class.version" value="52.0"/>
  </properties>
  <testcase name="Successfull sing-up" classname="This feature is about creating new account in the system" time="0">
    <skipped message="The step &quot;I have opened homepage&quot; is undefined"/>
  </testcase>
  <testcase name="Successfull sing-up" classname="This feature is about creating new account in the system" time="0">
    <skipped message="The step &quot;I select My account menu&quot; is undefined"/>
  </testcase>
  <testcase name="Successfull sing-up" classname="This feature is about creating new account in the system" time="0">
    <skipped message="The step &quot;I select Sign up button&quot; is undefined"/>
  </testcase>
  <testcase name="Successfull sing-up" classname="This feature is about creating new account in the system" time="0">
    <skipped message="The step &quot;I enter First name&quot; is undefined"/>
  </testcase>
  <testcase name="Successfull sing-up" classname="This feature is about creating new account in the system" time="0">
    <skipped message="The step &quot;I enter Last name&quot; is undefined"/>
  </testcase>
  <testcase name="Successfull sing-up" classname="This feature is about creating new account in the system" time="0">
    <skipped message="The step &quot;I eneter Mobile number&quot; is undefined"/>
  </testcase>
  <testcase name="Successfull sing-up" classname="This feature is about creating new account in the system" time="0">
    <skipped message="The step &quot;I enter Email address&quot; is undefined"/>
  </testcase>
  <testcase name="Successfull sing-up" classname="This feature is about creating new account in the system" time="0">
    <skipped message="The step &quot;I enter Password&quot; is undefined"/>
  </testcase>
  <testcase name="Successfull sing-up" classname="This feature is about creating new account in the system" time="0">
    <skipped message="The step &quot;I confirm Password&quot; is undefined"/>
  </testcase>
  <testcase name="Successfull sing-up" classname="This feature is about creating new account in the system" time="0">
    <skipped message="The step &quot;I select Sign up button&quot; is undefined"/>
  </testcase>
  <testcase name="Successfull sing-up" classname="This feature is about creating new account in the system" time="0">
    <skipped message="The step &quot;user account page is opened&quot; is undefined"/>
  </testcase>
</testsuite>